0 info it worked if it ends with ok
1 verbose cli [ '/Users/oliverzhang/.nvm/versions/node/v7.7.4/bin/node',
1 verbose cli   '/Users/oliverzhang/.nvm/versions/node/v7.7.4/bin/npm',
1 verbose cli   'i',
1 verbose cli   '-g',
1 verbose cli   'bower' ]
2 info using npm@4.1.2
3 info using node@v7.7.4
4 silly loadCurrentTree Starting
5 silly install loadCurrentTree
6 silly install readGlobalPackageData
7 silly fetchPackageMetaData bower
8 silly fetchNamedPackageData bower
9 silly mapToRegistry name bower
10 silly mapToRegistry using default registry
11 silly mapToRegistry registry https://registry.npmjs.org/
12 silly mapToRegistry data Result {
12 silly mapToRegistry   raw: 'bower',
12 silly mapToRegistry   scope: null,
12 silly mapToRegistry   escapedName: 'bower',
12 silly mapToRegistry   name: 'bower',
12 silly mapToRegistry   rawSpec: '',
12 silly mapToRegistry   spec: 'latest',
12 silly mapToRegistry   type: 'tag' }
13 silly mapToRegistry uri https://registry.npmjs.org/bower
14 verbose request uri https://registry.npmjs.org/bower
15 verbose request no auth needed
16 info attempt registry request try #1 at 10:25:46
17 verbose request id 67a7d040322cde00
18 verbose etag W/"2082ba90f79234eb0fceb77c912d09be"
19 verbose lastModified Sat, 23 Jun 2018 17:01:53 GMT
20 http request GET https://registry.npmjs.org/bower
21 http 200 https://registry.npmjs.org/bower
22 verbose headers { date: 'Thu, 24 Jan 2019 02:25:46 GMT',
22 verbose headers   'content-type': 'application/json',
22 verbose headers   'transfer-encoding': 'chunked',
22 verbose headers   connection: 'keep-alive',
22 verbose headers   'set-cookie': [ '__cfduid=d47ce608541eb1e6760918f32ddf055901548296746; expires=Fri, 24-Jan-20 02:25:46 GMT; path=/; domain=.registry.npmjs.org; HttpOnly' ],
22 verbose headers   'cf-cache-status': 'HIT',
22 verbose headers   'cache-control': 'max-age=300',
22 verbose headers   'cf-ray': '49df0d2c1aba33fd-HKG',
22 verbose headers   etag: 'W/"da0e0c09eadcf9130ccb48d4c1e03593"',
22 verbose headers   'expect-ct': 'max-age=604800, report-uri="https://report-uri.cloudflare.com/cdn-cgi/beacon/expect-ct"',
22 verbose headers   'last-modified': 'Wed, 23 Jan 2019 21:37:57 GMT',
22 verbose headers   vary: 'accept-encoding, accept',
22 verbose headers   'x-amz-meta-rev': '1036-c5172b51a7fe7ac3dc65246bc8e59ee2',
22 verbose headers   server: 'cloudflare',
22 verbose headers   'content-encoding': 'gzip' }
23 silly get cb [ 200,
23 silly get   { date: 'Thu, 24 Jan 2019 02:25:46 GMT',
23 silly get     'content-type': 'application/json',
23 silly get     'transfer-encoding': 'chunked',
23 silly get     connection: 'keep-alive',
23 silly get     'set-cookie': [ '__cfduid=d47ce608541eb1e6760918f32ddf055901548296746; expires=Fri, 24-Jan-20 02:25:46 GMT; path=/; domain=.registry.npmjs.org; HttpOnly' ],
23 silly get     'cf-cache-status': 'HIT',
23 silly get     'cache-control': 'max-age=300',
23 silly get     'cf-ray': '49df0d2c1aba33fd-HKG',
23 silly get     etag: 'W/"da0e0c09eadcf9130ccb48d4c1e03593"',
23 silly get     'expect-ct': 'max-age=604800, report-uri="https://report-uri.cloudflare.com/cdn-cgi/beacon/expect-ct"',
23 silly get     'last-modified': 'Wed, 23 Jan 2019 21:37:57 GMT',
23 silly get     vary: 'accept-encoding, accept',
23 silly get     'x-amz-meta-rev': '1036-c5172b51a7fe7ac3dc65246bc8e59ee2',
23 silly get     server: 'cloudflare',
23 silly get     'content-encoding': 'gzip' } ]
24 verbose get saving bower to /Users/oliverzhang/.npm/registry.npmjs.org/bower/.cache.json
25 verbose correctMkdir /Users/oliverzhang/.npm correctMkdir not in flight; initializing
26 silly install normalizeTree
27 silly loadCurrentTree Finishing
28 silly loadIdealTree Starting
29 silly install loadIdealTree
30 silly cloneCurrentTree Starting
31 silly install cloneCurrentTreeToIdealTree
32 silly cloneCurrentTree Finishing
33 silly loadShrinkwrap Starting
34 silly install loadShrinkwrap
35 silly loadShrinkwrap Finishing
36 silly loadAllDepsIntoIdealTree Starting
37 silly install loadAllDepsIntoIdealTree
38 silly resolveWithNewModule bower@1.8.8 checking installable status
39 silly cache add args [ 'bower', null ]
40 verbose cache add spec bower
41 silly cache add parsed spec Result {
41 silly cache add   raw: 'bower',
41 silly cache add   scope: null,
41 silly cache add   escapedName: 'bower',
41 silly cache add   name: 'bower',
41 silly cache add   rawSpec: '',
41 silly cache add   spec: 'latest',
41 silly cache add   type: 'tag' }
42 silly addNamed bower@latest
43 verbose addNamed "latest" is being treated as a dist-tag for bower
44 info addNameTag [ 'bower', 'latest' ]
45 silly mapToRegistry name bower
46 silly mapToRegistry using default registry
47 silly mapToRegistry registry https://registry.npmjs.org/
48 silly mapToRegistry data Result {
48 silly mapToRegistry   raw: 'bower',
48 silly mapToRegistry   scope: null,
48 silly mapToRegistry   escapedName: 'bower',
48 silly mapToRegistry   name: 'bower',
48 silly mapToRegistry   rawSpec: '',
48 silly mapToRegistry   spec: 'latest',
48 silly mapToRegistry   type: 'tag' }
49 silly mapToRegistry uri https://registry.npmjs.org/bower
50 verbose addNameTag registry:https://registry.npmjs.org/bower not in flight; fetching
51 verbose get https://registry.npmjs.org/bower not expired, no request
52 silly addNameTag next cb for bower with tag latest
53 silly addNamed bower@1.8.8
54 verbose addNamed "1.8.8" is a plain semver version for bower
55 silly mapToRegistry name bower
56 silly mapToRegistry using default registry
57 silly mapToRegistry registry https://registry.npmjs.org/
58 silly mapToRegistry data Result {
58 silly mapToRegistry   raw: 'bower',
58 silly mapToRegistry   scope: null,
58 silly mapToRegistry   escapedName: 'bower',
58 silly mapToRegistry   name: 'bower',
58 silly mapToRegistry   rawSpec: '',
58 silly mapToRegistry   spec: 'latest',
58 silly mapToRegistry   type: 'tag' }
59 silly mapToRegistry uri https://registry.npmjs.org/bower
60 verbose addRemoteTarball https://registry.npmjs.org/bower/-/bower-1.8.8.tgz not in flight; adding
61 verbose addRemoteTarball [ 'https://registry.npmjs.org/bower/-/bower-1.8.8.tgz',
61 verbose addRemoteTarball   '82544be34a33aeae7efb8bdf9905247b2cffa985' ]
62 info retry fetch attempt 1 at 10:25:47
63 info attempt registry request try #1 at 10:25:47
64 http fetch GET https://registry.npmjs.org/bower/-/bower-1.8.8.tgz
65 http fetch 200 https://registry.npmjs.org/bower/-/bower-1.8.8.tgz
66 silly fetchAndShaCheck shasum 82544be34a33aeae7efb8bdf9905247b2cffa985
67 verbose addTmpTarball /var/folders/07/g40z9sz52m1fyy_8877g_dgc0000gn/T/npm-21297-cd4b71ec/registry.npmjs.org/bower/-/bower-1.8.8.tgz not in flight; adding
68 verbose addTmpTarball already have metadata; skipping unpack for bower@1.8.8
69 verbose correctMkdir /Users/oliverzhang/.npm correctMkdir not in flight; initializing
70 silly cache afterAdd bower@1.8.8
71 verbose afterAdd /Users/oliverzhang/.npm/bower/1.8.8/package/package.json not in flight; writing
72 verbose correctMkdir /Users/oliverzhang/.npm correctMkdir not in flight; initializing
73 verbose afterAdd /Users/oliverzhang/.npm/bower/1.8.8/package/package.json written
74 silly loadAllDepsIntoIdealTree Finishing
75 silly loadIdealTree Finishing
76 silly currentTree lib
76 silly currentTree └── bower@1.8.4
77 silly idealTree lib
77 silly idealTree └── bower@1.8.8
78 silly generateActionsToTake Starting
79 silly install generateActionsToTake
80 warn checkPermissions Missing write access to /Users/oliverzhang/.nvm/versions/node/v7.7.4/lib/node_modules/bower
81 silly rollbackFailedOptional Starting
82 silly rollbackFailedOptional Finishing
83 silly runTopLevelLifecycles Finishing
84 silly install printInstalled
85 verbose stack Error: EACCES: permission denied, access '/Users/oliverzhang/.nvm/versions/node/v7.7.4/lib/node_modules/bower'
86 verbose cwd /Users/oliverzhang/sandbox/Web-NewFTCiPhone
87 error Darwin 18.2.0
88 error argv "/Users/oliverzhang/.nvm/versions/node/v7.7.4/bin/node" "/Users/oliverzhang/.nvm/versions/node/v7.7.4/bin/npm" "i" "-g" "bower"
89 error node v7.7.4
90 error npm  v4.1.2
91 error path /Users/oliverzhang/.nvm/versions/node/v7.7.4/lib/node_modules/bower
92 error code EACCES
93 error errno -13
94 error syscall access
95 error Error: EACCES: permission denied, access '/Users/oliverzhang/.nvm/versions/node/v7.7.4/lib/node_modules/bower'
95 error  { Error: EACCES: permission denied, access '/Users/oliverzhang/.nvm/versions/node/v7.7.4/lib/node_modules/bower'
95 error   errno: -13,
95 error   code: 'EACCES',
95 error   syscall: 'access',
95 error   path: '/Users/oliverzhang/.nvm/versions/node/v7.7.4/lib/node_modules/bower' }
96 error Please try running this command again as root/Administrator.
97 verbose exit [ -13, true ]
